2023-04-03 03:10:10.951272 - Initialized conversion of CBT853
2023-04-03 03:12:02.101132 - Received CBT.V504.FILE853.PDS from FILE853.XMI 
2023-04-03 03:12:02.103969 - Found $$$#DATE.txt (text/plain) in CBT.V504.FILE853.PDS, moved to PDS/$$$#DATE
2023-04-03 03:12:02.104943 - Found $$DOC.txt (text/plain) in CBT.V504.FILE853.PDS, moved to PDS/$$DOC
2023-04-03 03:12:02.106159 - Found $$GCC.txt (text/plain) in CBT.V504.FILE853.PDS, moved to PDS/$$GCC
2023-04-03 03:12:02.107304 - Found $$PDOS.txt (text/plain) in CBT.V504.FILE853.PDS, moved to PDS/$$PDOS
2023-04-03 03:12:02.108309 - Found $$SYS380.txt (text/plain) in CBT.V504.FILE853.PDS, moved to PDS/$$SYS380
2023-04-03 03:12:02.109258 - Found @FILE853.txt (text/plain) in CBT.V504.FILE853.PDS, moved to PDS/@FILE853
2023-04-03 03:12:02.395972 - Found GCCDOC.xmi (application/xmit) in CBT.V504.FILE853.PDS
2023-04-03 03:12:02.407082   - Received to CBT853/GCC.DOC
2023-04-03 03:12:05.083529 - Found GCCINC.xmi (application/xmit) in CBT.V504.FILE853.PDS
2023-04-03 03:12:05.332341   - Received to CBT853/GCC.INCLUDE
2023-04-03 03:12:05.576392 - Found GCCJCL.xmi (application/xmit) in CBT.V504.FILE853.PDS
2023-04-03 03:12:05.618705   - Received to CBT853/GCC.JCL
2023-04-03 03:12:06.971844 - Found GCCLINK.xmi (application/xmit) in CBT.V504.FILE853.PDS
2023-04-03 03:12:06.993728   - Received RECFM=U data, stored XMIT file as CBT853/GCCLINK.xmi
2023-04-03 03:12:07.015484 - Found GCCPROC.xmi (application/xmit) in CBT.V504.FILE853.PDS
2023-04-03 03:12:07.022873   - Received to CBT853/GCC.PROCLIB
2023-04-03 03:12:19.502892 - Found GCCSRC.xmi (application/xmit) in CBT.V504.FILE853.PDS
2023-04-03 03:12:19.849204   - Received to CBT853/GCC.SOURCE
2023-04-03 03:12:29.186328 - Found GCCS2.xmi (application/xmit) in CBT.V504.FILE853.PDS
2023-04-03 03:12:29.481175   - Received to CBT853/GCC.S2
2023-04-03 03:12:29.564950 - Found PDPDOC.xmi (application/xmit) in CBT.V504.FILE853.PDS
2023-04-03 03:12:29.574937   - Received to CBT853/PDPCLIB.DOC
2023-04-03 03:12:29.707193 - Found PDPINC.xmi (application/xmit) in CBT.V504.FILE853.PDS
2023-04-03 03:12:29.729283   - Received to CBT853/PDPCLIB.INCLUDE
2023-04-03 03:12:29.778907 - Found PDPLINK.xmi (application/xmit) in CBT.V504.FILE853.PDS
2023-04-03 03:12:29.792283   - Received RECFM=U data, stored XMIT file as CBT853/PDPLINK.xmi
2023-04-03 03:12:29.849500 - Found PDPMAC.xmi (application/xmit) in CBT.V504.FILE853.PDS
2023-04-03 03:12:29.863140   - Received to CBT853/PDPCLIB.MACLIB
2023-04-03 03:12:29.922054 - Found PDPNCAL.xmi (application/xmit) in CBT.V504.FILE853.PDS
2023-04-03 03:12:30.118885   - Received RECFM=U data, stored XMIT file as CBT853/PDPNCAL.xmi
2023-04-03 03:12:30.722823 - Found PDPSRC.xmi (application/xmit) in CBT.V504.FILE853.PDS
2023-04-03 03:12:30.785715   - Received to CBT853/PDPCLIB.SOURCE
2023-04-03 03:12:30.787007 - Found XMIT1.jcl (text/plain) in CBT.V504.FILE853.PDS, moved to PDS/XMIT1
2023-04-03 03:12:30.788260 - Found XMIT2.jcl (text/plain) in CBT.V504.FILE853.PDS, moved to PDS/XMIT2
2023-04-03 03:12:30.789647 - Found XMIT3.jcl (text/plain) in CBT.V504.FILE853.PDS, moved to PDS/XMIT3
2023-04-03 03:12:30.790868 - Found XMIT4.jcl (text/plain) in CBT.V504.FILE853.PDS, moved to PDS/XMIT4
2023-04-03 03:12:30.791836 - Found XMIT5.jcl (text/plain) in CBT.V504.FILE853.PDS, moved to PDS/XMIT5
2023-04-03 03:12:30.793079 - Found XMIT6.jcl (text/plain) in CBT.V504.FILE853.PDS, moved to PDS/XMIT6
2023-04-03 03:12:30.794266 - Found XMIT7.jcl (text/plain) in CBT.V504.FILE853.PDS, moved to PDS/XMIT7
2023-04-03 03:12:30.795335 - Found XMIT8.jcl (text/plain) in CBT.V504.FILE853.PDS, moved to PDS/XMIT8
